<?xml version="1.0" encoding="UTF-8"?>
<!-- Generated by org.testng.reporters.JUnitXMLReporter -->
<testsuite ignored="0" hostname="LAPTOP-OQPRRC6R" failures="0" tests="4" name="Default test" time="144.434" errors="0" timestamp="2022-10-28T11:33:41 IST">
  <testcase classname="test.SwagLabMultipleWindow" name="validateswagLabLoginPage" time="12.037"/>
  <testcase classname="test.SwagLabMultipleWindow" name="validateSwagLabProduct" time="5.98"/>
  <testcase classname="test.SwagLabMultipleWindow" name="validateSwagLabProductcart" time="8.829"/>
  <testcase classname="test.SwagLabMultipleWindow" name="validateSwagLabLoginPageNew1" time="76.519"/>
</testsuite> <!-- Default test -->
