<?xml version="1.0" encoding="UTF-8"?>
<testng-results ignored="0" total="4" passed="4" failed="0" skipped="0">
  <reporter-output>
  </reporter-output>
  <suite started-at="2022-10-28T11:31:16 IST" name="Default suite" finished-at="2022-10-28T11:33:41 IST" duration-ms="144434">
    <groups>
    </groups>
    <test started-at="2022-10-28T11:31:16 IST" name="Default test" finished-at="2022-10-28T11:33:41 IST" duration-ms="144434">
      <class name="test.SwagLabMultipleWindow">
        <test-method is-config="true" signature="createReport()[pri:0, instance:test.SwagLabMultipleWindow@f0da945]" started-at="2022-10-28T11:31:16 IST" name="createReport" finished-at="2022-10-28T11:31:17 IST" duration-ms="781" status="PASS">
          <reporter-output>
          </reporter-output>
        </test-method> <!-- createReport -->
        <test-method is-config="true" signature="openBrowser()[pri:0, instance:test.SwagLabMultipleWindow@f0da945]" started-at="2022-10-28T11:31:17 IST" name="openBrowser" finished-at="2022-10-28T11:31:54 IST" duration-ms="37081" status="PASS">
          <reporter-output>
          </reporter-output>
        </test-method> <!-- openBrowser -->
        <test-method signature="validateswagLabLoginPage()[pri:1, instance:test.SwagLabMultipleWindow@f0da945]" started-at="2022-10-28T11:31:54 IST" name="validateswagLabLoginPage" finished-at="2022-10-28T11:32:06 IST" duration-ms="12037" status="PASS">
          <reporter-output>
          </reporter-output>
        </test-method> <!-- validateswagLabLoginPage -->
        <test-method is-config="true" signature="addResults(org.testng.ITestResult)[pri:0, instance:test.SwagLabMultipleWindow@f0da945]" started-at="2022-10-28T11:32:06 IST" name="addResults" finished-at="2022-10-28T11:32:06 IST" duration-ms="13" status="PASS">
          <params>
            <param index="0">
              <value>
                <![CDATA[[TestResult name=validateswagLabLoginPage status=SUCCESS method=SwagLabMultipleWindow.validateswagLabLoginPage()[pri:1, instance:test.SwagLabMultipleWindow@f0da945] output={null}]]]>
              </value>
            </param>
          </params>
          <reporter-output>
          </reporter-output>
        </test-method> <!-- addResults -->
        <test-method signature="validateSwagLabProduct()[pri:2, instance:test.SwagLabMultipleWindow@f0da945]" started-at="2022-10-28T11:32:06 IST" name="validateSwagLabProduct" finished-at="2022-10-28T11:32:12 IST" duration-ms="5980" status="PASS">
          <reporter-output>
          </reporter-output>
        </test-method> <!-- validateSwagLabProduct -->
        <test-method is-config="true" signature="addResults(org.testng.ITestResult)[pri:0, instance:test.SwagLabMultipleWindow@f0da945]" started-at="2022-10-28T11:32:12 IST" name="addResults" finished-at="2022-10-28T11:32:12 IST" duration-ms="4" status="PASS">
          <params>
            <param index="0">
              <value>
                <![CDATA[[TestResult name=validateSwagLabProduct status=SUCCESS method=SwagLabMultipleWindow.validateSwagLabProduct()[pri:2, instance:test.SwagLabMultipleWindow@f0da945] output={null}]]]>
              </value>
            </param>
          </params>
          <reporter-output>
          </reporter-output>
        </test-method> <!-- addResults -->
        <test-method signature="validateSwagLabProductcart()[pri:3, instance:test.SwagLabMultipleWindow@f0da945]" started-at="2022-10-28T11:32:12 IST" name="validateSwagLabProductcart" finished-at="2022-10-28T11:32:21 IST" duration-ms="8829" status="PASS">
          <reporter-output>
          </reporter-output>
        </test-method> <!-- validateSwagLabProductcart -->
        <test-method is-config="true" signature="addResults(org.testng.ITestResult)[pri:0, instance:test.SwagLabMultipleWindow@f0da945]" started-at="2022-10-28T11:32:21 IST" name="addResults" finished-at="2022-10-28T11:32:21 IST" duration-ms="1" status="PASS">
          <params>
            <param index="0">
              <value>
                <![CDATA[[TestResult name=validateSwagLabProductcart status=SUCCESS method=SwagLabMultipleWindow.validateSwagLabProductcart()[pri:3, instance:test.SwagLabMultipleWindow@f0da945] output={null}]]]>
              </value>
            </param>
          </params>
          <reporter-output>
          </reporter-output>
        </test-method> <!-- addResults -->
        <test-method signature="validateSwagLabLoginPageNew1()[pri:4, instance:test.SwagLabMultipleWindow@f0da945]" started-at="2022-10-28T11:32:21 IST" name="validateSwagLabLoginPageNew1" finished-at="2022-10-28T11:33:38 IST" duration-ms="76519" status="PASS">
          <reporter-output>
          </reporter-output>
        </test-method> <!-- validateSwagLabLoginPageNew1 -->
        <test-method is-config="true" signature="addResults(org.testng.ITestResult)[pri:0, instance:test.SwagLabMultipleWindow@f0da945]" started-at="2022-10-28T11:33:38 IST" name="addResults" finished-at="2022-10-28T11:33:38 IST" duration-ms="1" status="PASS">
          <params>
            <param index="0">
              <value>
                <![CDATA[[TestResult name=validateSwagLabLoginPageNew1 status=SUCCESS method=SwagLabMultipleWindow.validateSwagLabLoginPageNew1()[pri:4, instance:test.SwagLabMultipleWindow@f0da945] output={null}]]]>
              </value>
            </param>
          </params>
          <reporter-output>
          </reporter-output>
        </test-method> <!-- addResults -->
        <test-method is-config="true" signature="FlushReport()[pri:0, instance:test.SwagLabMultipleWindow@f0da945]" started-at="2022-10-28T11:33:38 IST" name="FlushReport" finished-at="2022-10-28T11:33:41 IST" duration-ms="3071" status="PASS">
          <reporter-output>
          </reporter-output>
        </test-method> <!-- FlushReport -->
      </class> <!-- test.SwagLabMultipleWindow -->
    </test> <!-- Default test -->
  </suite> <!-- Default suite -->
</testng-results>
